	Command being timed: "./out-perf.masstree/benchmarks/dbtest --verbose --bench tpcc --num-threads 2 --scale-factor 24 --runtime 60"
	User time (seconds): 155.63
	System time (seconds): 6.08
	Percent of CPU this job got: 194%
	Elapsed (wall clock) time (h:mm:ss or m:ss): 1:23.30
	Average shared text size (kbytes): 0
	Average unshared data size (kbytes): 0
	Average stack size (kbytes): 0
	Average total size (kbytes): 0
	Maximum resident set size (kbytes): 4903116
	Average resident set size (kbytes): 0
	Major (requiring I/O) page faults: 2
	Minor (reclaiming a frame) page faults: 3465285
	Voluntary context switches: 2185
	Involuntary context switches: 246
	Swaps: 0
	File system inputs: 0
	File system outputs: 320
	Socket messages sent: 0
	Socket messages received: 0
	Signals delivered: 0
	Page size (bytes): 4096
	Exit status: 0
